> Task :compileJava UP-TO-DATE
> Task :processResources UP-TO-DATE
> Task :classes UP-TO-DATE
> Task :resolveMainClassName UP-TO-DATE

> Task :bootRun
  .   ____          _            __ _ _
 /\\ / ___'_ __ _ _(_)_ __  __ _ \ \ \ \
( ( )\___ | '_ | '_| | '_ \/ _` | \ \ \ \
 \\/  ___)| |_)| | | | | || (_| |  ) ) ) )
  '  |____| .__|_| |_|_| |_\__, | / / / /
 =========|_|==============|___/=/_/_/_/

 :: Spring Boot ::                (v3.3.0)

2026-02-18T02:24:44.025-05:00  INFO 27029 --- [           main] c.c.p.gateway.PaymentGatewayApplication  : Starting PaymentGatewayApplication using Java 17.0.18 with PID 27029 (/home/deeone/clawd/cko-payment-gateway/payment-gateway-challenge-java/build/classes/java/main started by deeone in /home/deeone/clawd/cko-payment-gateway/payment-gateway-challenge-java)
2026-02-18T02:24:44.033-05:00  INFO 27029 --- [           main] c.c.p.gateway.PaymentGatewayApplication  : No active profile set, falling back to 1 default profile: "default"
2026-02-18T02:24:45.364-05:00  INFO 27029 --- [           main] o.s.b.w.embedded.tomcat.TomcatWebServer  : Tomcat initialized with port 8090 (http)
2026-02-18T02:24:45.379-05:00  INFO 27029 --- [           main] o.apache.catalina.core.StandardService   : Starting service [Tomcat]
2026-02-18T02:24:45.379-05:00  INFO 27029 --- [           main] o.apache.catalina.core.StandardEngine    : Starting Servlet engine: [Apache Tomcat/10.1.24]
2026-02-18T02:24:45.432-05:00  INFO 27029 --- [           main] o.a.c.c.C.[Tomcat].[localhost].[/]       : Initializing Spring embedded WebApplicationContext
2026-02-18T02:24:45.434-05:00  INFO 27029 --- [           main] w.s.c.ServletWebServerApplicationContext : Root WebApplicationContext: initialization completed in 1323 ms
2026-02-18T02:24:45.944-05:00  INFO 27029 --- [           main] o.s.b.w.embedded.tomcat.TomcatWebServer  : Tomcat started on port 8090 (http) with context path '/'
2026-02-18T02:24:45.956-05:00  INFO 27029 --- [           main] c.c.p.gateway.PaymentGatewayApplication  : Started PaymentGatewayApplication in 2.341 seconds (process running for 2.723)

> Task :bootRun FAILED

FAILURE: Build failed with an exception.

* What went wrong:
Execution failed for task ':bootRun'.
> Process 'command '/usr/lib/jvm/java-17-openjdk/bin/java'' finished with non-zero exit value 137

* Try:
> Run with --stacktrace option to get the stack trace.
> Run with --info or --debug option to get more log output.
> Run with --scan to get full insights.
> Get more help at https://help.gradle.org.

BUILD FAILED in 3h 23m 59s
4 actionable tasks: 1 executed, 3 up-to-date
